#
# There is insufficient memory for the Java Runtime Environment to continue.
# Native memory allocation (mmap) failed to map 266338304 bytes for Failed to commit area from 0x0000000703200000 to 0x0000000713000000 of length 266338304.
# Possible reasons:
#   The system is out of physical RAM or swap space
#   The process is running with CompressedOops enabled, and the Java Heap may be blocking the growth of the native heap
# Possible solutions:
#   Reduce memory load on the system
#   Increase physical memory or swap space
#   Check if swap backing store is full
#   Decrease Java heap size (-Xmx/-Xms)
#   Decrease number of Java threads
#   Decrease Java thread stack sizes (-Xss)
#   Set larger code cache with -XX:ReservedCodeCacheSize=
# This output file may be truncated or incomplete.
#
#  Out of Memory Error (./src/hotspot/os/windows/os_windows.cpp:3301), pid=11004, tid=24004
#
# JRE version:  (11.0.11+9) (build )
# Java VM: Dynamic Code Evolution 64-Bit Server VM (11.0.11+9-b1341.57, mixed mode, sharing, tiered, compressed oops, g1 gc, windows-amd64)
# No core dump will be written. Minidumps are not enabled by default on client versions of Windows
#

---------------  S U M M A R Y ------------

Command Line: org.jetbrains.git4idea.http.GitAskPassApp Username for 'https://gitlab.lge.co.kr': 

Host: Intel(R) Core(TM) i7-8565U CPU @ 1.80GHz, 8 cores, 15G,  Windows 10 , 64 bit Build 19041 (10.0.19041.1023)
Time: Tue Nov  2 12:14:15 2021 대한민국 표준시 elapsed time: 0.025414 seconds (0d 0h 0m 0s)

---------------  T H R E A D  ---------------

Current thread (0x00000223e6b9c800):  JavaThread "Unknown thread" [_thread_in_vm, id=24004, stack(0x0000009cfb100000,0x0000009cfb200000)]

Stack: [0x0000009cfb100000,0x0000009cfb200000]
Native frames: (J=compiled Java code, j=interpreted, Vv=VM code, C=native code)
V  [jvm.dll+0x5fdd0a]
V  [jvm.dll+0x7822a5]
V  [jvm.dll+0x7838bd]
V  [jvm.dll+0x783f73]
V  [jvm.dll+0x245ed8]
V  [jvm.dll+0x5fb104]
V  [jvm.dll+0x5f0065]
V  [jvm.dll+0x302ecb]
V  [jvm.dll+0x302e3a]
V  [jvm.dll+0x302d12]
V  [jvm.dll+0x307c06]
V  [jvm.dll+0x350aa3]
V  [jvm.dll+0x3511a6]
V  [jvm.dll+0x350ba3]
V  [jvm.dll+0x2dca78]
V  [jvm.dll+0x2ddc27]
V  [jvm.dll+0x760907]
V  [jvm.dll+0x76219c]
V  [jvm.dll+0x35e039]
V  [jvm.dll+0x743e8e]
V  [jvm.dll+0x3c69b3]
V  [jvm.dll+0x3c8db1]
C  [jli.dll+0x5373]
C  [ucrtbase.dll+0x21bb2]
C  [KERNEL32.DLL+0x17034]
C  [ntdll.dll+0x52651]


---------------  P R O C E S S  ---------------

Threads class SMR info:
_java_thread_list=0x00000223e48e11c0, length=0, elements={
}

Java Threads: ( => current thread )

Other Threads:
  0x00000223e6bb5000 GCTaskThread "GC Thread#0" [stack: 0x0000009cfb200000,0x0000009cfb300000] [id=5424]
  0x00000223e6c13000 ConcurrentGCThread "G1 Main Marker" [stack: 0x0000009cfb300000,0x0000009cfb400000] [id=23968]
  0x00000223e6c14800 ConcurrentGCThread "G1 Conc#0" [stack: 0x0000009cfb400000,0x0000009cfb500000] [id=5500]

[error occurred during error reporting (printing all threads), id 0xc0000005, EXCEPTION_ACCESS_VIOLATION (0xc0000005) at pc=0x00007ffabaead047]

VM state:not at safepoint (not fully initialized)

VM Mutex/Monitor currently owned by a thread:  ([mutex/lock_event])
[0x00000223e6b980b0] Heap_lock - owner thread: 0x00000223e6b9c800

Heap address: 0x0000000703200000, size: 4046 MB, Compressed Oops mode: Non-zero based: 0x0000000703200000
Narrow klass base: 0x0000000000000000, Narrow klass shift: 0

GC Heap History (0 events):
No events

Deoptimization events (0 events):
No events

Classes redefined (0 events):
No events

Internal exceptions (0 events):
No events

Events (1 events):
Event: 0.018 Loaded shared library C:\Program Files\JetBrains\WebStorm 2021.1.1\jbr\bin\zip.dll


Dynamic libraries:
0x00007ff78cd80000 - 0x00007ff78cd8a000 	C:\Program Files\JetBrains\WebStorm 2021.1.1\jbr\bin\java.exe
0x00007ffb0ebd0000 - 0x00007ffb0edc5000 	C:\Windows\SYSTEM32\ntdll.dll
0x00007ffb0d920000 - 0x00007ffb0d9dd000 	C:\Windows\System32\KERNEL32.DLL
0x00007ffb0c310000 - 0x00007ffb0c5d8000 	C:\Windows\System32\KERNELBASE.dll
0x00007ffb0c6f0000 - 0x00007ffb0c7f0000 	C:\Windows\System32\ucrtbase.dll
0x00007ffaf3930000 - 0x00007ffaf3949000 	C:\Program Files\JetBrains\WebStorm 2021.1.1\jbr\bin\jli.dll
0x00007ffb0e9f0000 - 0x00007ffb0eb90000 	C:\Windows\System32\USER32.dll
0x00007ffb0cab0000 - 0x00007ffb0cad2000 	C:\Windows\System32\win32u.dll
0x00007ffb0e9b0000 - 0x00007ffb0e9da000 	C:\Windows\System32\GDI32.dll
0x00007ffb0c5e0000 - 0x00007ffb0c6eb000 	C:\Windows\System32\gdi32full.dll
0x00007ffb0c880000 - 0x00007ffb0c91d000 	C:\Windows\System32\msvcp_win.dll
0x00007ffaf1d80000 - 0x00007ffaf1d97000 	C:\Program Files\JetBrains\WebStorm 2021.1.1\jbr\bin\VCRUNTIME140.dll
0x00007ffafa3e0000 - 0x00007ffafa67a000 	C:\Windows\WinSxS\amd64_microsoft.windows.common-controls_6595b64144ccf1df_6.0.19041.1052_none_60b8f8fd71f5e8cb\COMCTL32.dll
0x00007ffb0d640000 - 0x00007ffb0d6de000 	C:\Windows\System32\msvcrt.dll
0x00007ffb0dfd0000 - 0x00007ffb0e000000 	C:\Windows\System32\IMM32.DLL
0x00007ffadde00000 - 0x00007ffadde68000 	C:\WWCNT\SYSTEM\printhk64.dll
0x00007ffb0e1b0000 - 0x00007ffb0e25c000 	C:\Windows\System32\ADVAPI32.dll
0x00007ffb0e860000 - 0x00007ffb0e8fb000 	C:\Windows\System32\sechost.dll
0x00007ffb0e2c0000 - 0x00007ffb0e3eb000 	C:\Windows\System32\RPCRT4.dll
0x00007ffb0af80000 - 0x00007ffb0afb3000 	C:\Windows\SYSTEM32\ntmarta.dll
0x00007ffaddb70000 - 0x00007ffaddc0d000 	C:\Program Files\JetBrains\WebStorm 2021.1.1\jbr\bin\msvcp140.dll
0x00007ffababc0000 - 0x00007ffabb713000 	C:\Program Files\JetBrains\WebStorm 2021.1.1\jbr\bin\server\jvm.dll
0x00007ffb0dc60000 - 0x00007ffb0dc68000 	C:\Windows\System32\PSAPI.DLL
0x00007ffae4f40000 - 0x00007ffae4f49000 	C:\Windows\SYSTEM32\WSOCK32.dll
0x00007ffb0dad0000 - 0x00007ffb0db3b000 	C:\Windows\System32\WS2_32.dll
0x00007ffaf87b0000 - 0x00007ffaf87d7000 	C:\Windows\SYSTEM32\WINMM.dll
0x00007ffb03f60000 - 0x00007ffb03f6a000 	C:\Windows\SYSTEM32\VERSION.dll
0x00007ffb0abe0000 - 0x00007ffb0abf2000 	C:\Windows\SYSTEM32\kernel.appcore.dll
0x00007ffb044e0000 - 0x00007ffb044f1000 	C:\Program Files\JetBrains\WebStorm 2021.1.1\jbr\bin\verify.dll
0x00007ffb0a740000 - 0x00007ffb0a924000 	C:\Windows\SYSTEM32\DBGHELP.DLL
0x00007ffaf5980000 - 0x00007ffaf59ac000 	C:\Windows\SYSTEM32\dbgcore.DLL
0x00000223e62e0000 - 0x00000223e6363000 	C:\Windows\System32\bcryptPrimitives.dll
0x00007ffafa720000 - 0x00007ffafa749000 	C:\Program Files\JetBrains\WebStorm 2021.1.1\jbr\bin\java.dll
0x00007ffb04c90000 - 0x00007ffb04c9b000 	C:\Program Files\JetBrains\WebStorm 2021.1.1\jbr\bin\jimage.dll
0x00007ffafa6e0000 - 0x00007ffafa6f8000 	C:\Program Files\JetBrains\WebStorm 2021.1.1\jbr\bin\zip.dll

dbghelp: loaded successfully - version: 4.0.5 - missing functions: none
symbol engine: initialized successfully - sym options: 0x614 - pdb path: .;C:\Program Files\JetBrains\WebStorm 2021.1.1\jbr\bin;C:\Windows\SYSTEM32;C:\Windows\WinSxS\amd64_microsoft.windows.common-controls_6595b64144ccf1df_6.0.19041.1052_none_60b8f8fd71f5e8cb;C:\WWCNT\SYSTEM;C:\Program Files\JetBrains\WebStorm 2021.1.1\jbr\bin\server

VM Arguments:
java_command: org.jetbrains.git4idea.http.GitAskPassApp Username for 'https://gitlab.lge.co.kr': 
java_class_path (initial): C:/Program Files/JetBrains/WebStorm 2021.1.1/plugins/git4idea/lib/git4idea-rt.jar;C:/Program Files/JetBrains/WebStorm 2021.1.1/lib/xmlrpc-2.0.1.jar;C:/Program Files/JetBrains/WebStorm 2021.1.1/lib/commons-codec-1.15.jar
Launcher Type: SUN_STANDARD

[Global flags]
     intx CICompilerCount                          = 4                                         {product} {ergonomic}
     uint ConcGCThreads                            = 2                                         {product} {ergonomic}
     uint G1ConcRefinementThreads                  = 8                                         {product} {ergonomic}
   size_t G1HeapRegionSize                         = 1048576                                   {product} {ergonomic}
    uintx GCDrainStackTargetSize                   = 64                                        {product} {ergonomic}
   size_t InitialHeapSize                          = 266338304                                 {product} {ergonomic}
   size_t MarkStackSize                            = 4194304                                   {product} {ergonomic}
   size_t MaxHeapSize                              = 4242538496                                {product} {ergonomic}
   size_t MinHeapDeltaBytes                        = 1048576                                   {product} {ergonomic}
    uintx NonNMethodCodeHeapSize                   = 5836300                                {pd product} {ergonomic}
    uintx NonProfiledCodeHeapSize                  = 122910970                              {pd product} {ergonomic}
    uintx ProfiledCodeHeapSize                     = 122910970                              {pd product} {ergonomic}
    uintx ReservedCodeCacheSize                    = 251658240                              {pd product} {ergonomic}
     bool SegmentedCodeCache                       = true                                      {product} {ergonomic}
     bool UseCompressedClassPointers               = true                                 {lp64_product} {ergonomic}
     bool UseCompressedOops                        = true                                 {lp64_product} {ergonomic}
     bool UseG1GC                                  = true                                      {product} {ergonomic}
     bool UseLargePagesIndividualAllocation        = false                                  {pd product} {ergonomic}

Logging:
Log output configuration:
 #0: stdout all=warning uptime,level,tags
 #1: stderr all=off uptime,level,tags

Environment Variables:
PATH=C:\Program Files\Git\mingw64\libexec\git-core;C:\Program Files\Git\mingw64\libexec\git-core;C:\Program Files\Git\mingw64\bin;C:\Program Files\Git\usr\bin;C:\Users\dfluid\bin;C:\Windows\system32;C:\Windows;C:\Windows\System32\Wbem;C:\Windows\System32\WindowsPowerShell\v1.0;C:\Windows\System32\OpenSSH;C:\Program Files\Git\cmd;C:\Program Files\nodejs;C:\Users\dfluid\AppData\Local\Microsoft\WindowsApps;C:\Users\dfluid\AppData\Roaming\npm;C:\Program Files\Bandizip;C:\platform-tools;C:\Users\dfluid\AppData\Local\Programs\Microsoft VS Code\bin;C:\Users\dfluid\AppData\Local\Programs\Fiddler
USERNAME=sooa51.jeong
DISPLAY=:0.0
LC_ALL=en_US.UTF-8
OS=Windows_NT
PROCESSOR_IDENTIFIER=Intel64 Family 6 Model 142 Stepping 12, GenuineIntel



---------------  S Y S T E M  ---------------

OS: Windows 10 , 64 bit Build 19041 (10.0.19041.1023)
OS uptime: 18 days 18:19 hours

CPU:total 8 (initial active 8) (4 cores per cpu, 2 threads per core) family 6 model 142 stepping 12 microcode 0xb8, cmov, cx8, fxsr, mmx, sse, sse2, sse3, ssse3, sse4.1, sse4.2, popcnt, avx, avx2, aes, clmul, erms, 3dnowpref, lzcnt, ht, tsc, tscinvbit, bmi1, bmi2, adx, fma

Memory: 4k page, system-wide physical 16178M (4518M free)
TotalPageFile size 31357M (AvailPageFile size 176M)
current process WorkingSet (physical memory assigned to process): 10M, peak: 10M
current process commit charge ("private bytes"): 60M, peak: 314M

vm_info: Dynamic Code Evolution 64-Bit Server VM (11.0.11+9-b1341.57) for windows-amd64 JRE (11.0.11+9-b1341.57), built on May 17 2021 14:09:08 by "" with MS VC++ 14.0 (VS2015)

END.
